<?xml version="1.0" encoding="UTF-8"?>
<testsuites>
  <testsuite name="fastlane.lanes">
    
    
    
      
      <testcase classname="fastlane.lanes" name="0: default_platform" time="0.000549">
        
      </testcase>
    
      
      <testcase classname="fastlane.lanes" name="1: setup_circle_ci" time="0.000967">
        
      </testcase>
    
      
      <testcase classname="fastlane.lanes" name="2: lint aggregateDebugTestCoverage" time="1.389361">
        
          <failure message="/usr/local/lib/ruby/gems/3.0.0/gems/fastlane-2.198.1/fastlane/lib/fastlane/actions/actions_helper.rb:67:in `execute_action&apos;&#10;/usr/local/lib/ruby/gems/3.0.0/gems/fastlane-2.198.1/fastlane/lib/fastlane/runner.rb:255:in `block in execute_action&apos;&#10;/usr/local/lib/ruby/gems/3.0.0/gems/fastlane-2.198.1/fastlane/lib/fastlane/runner.rb:229:in `chdir&apos;&#10;/usr/local/lib/ruby/gems/3.0.0/gems/fastlane-2.198.1/fastlane/lib/fastlane/runner.rb:229:in `execute_action&apos;&#10;/usr/local/lib/ruby/gems/3.0.0/gems/fastlane-2.198.1/fastlane/lib/fastlane/runner.rb:157:in `trigger_action_by_name&apos;&#10;/usr/local/lib/ruby/gems/3.0.0/gems/fastlane-2.198.1/fastlane/lib/fastlane/fast_file.rb:159:in `method_missing&apos;&#10;Fastfile:33:in `block (2 levels) in parsing_binding&apos;&#10;/usr/local/lib/ruby/gems/3.0.0/gems/fastlane-2.198.1/fastlane/lib/fastlane/lane.rb:33:in `call&apos;&#10;/usr/local/lib/ruby/gems/3.0.0/gems/fastlane-2.198.1/fastlane/lib/fastlane/runner.rb:49:in `block in execute&apos;&#10;/usr/local/lib/ruby/gems/3.0.0/gems/fastlane-2.198.1/fastlane/lib/fastlane/runner.rb:45:in `chdir&apos;&#10;/usr/local/lib/ruby/gems/3.0.0/gems/fastlane-2.198.1/fastlane/lib/fastlane/runner.rb:45:in `execute&apos;&#10;/usr/local/lib/ruby/gems/3.0.0/gems/fastlane-2.198.1/fastlane/lib/fastlane/lane_manager.rb:47:in `cruise_lane&apos;&#10;/usr/local/lib/ruby/gems/3.0.0/gems/fastlane-2.198.1/fastlane/lib/fastlane/command_line_handler.rb:36:in `handle&apos;&#10;/usr/local/lib/ruby/gems/3.0.0/gems/fastlane-2.198.1/fastlane/lib/fastlane/commands_generator.rb:109:in `block (2 levels) in run&apos;&#10;/usr/local/lib/ruby/gems/3.0.0/gems/commander-4.6.0/lib/commander/command.rb:187:in `call&apos;&#10;/usr/local/lib/ruby/gems/3.0.0/gems/commander-4.6.0/lib/commander/command.rb:157:in `run&apos;&#10;/usr/local/lib/ruby/gems/3.0.0/gems/commander-4.6.0/lib/commander/runner.rb:444:in `run_active_command&apos;&#10;/usr/local/lib/ruby/gems/3.0.0/gems/fastlane-2.198.1/fastlane_core/lib/fastlane_core/ui/fastlane_runner.rb:117:in `run!&apos;&#10;/usr/local/lib/ruby/gems/3.0.0/gems/commander-4.6.0/lib/commander/delegates.rb:18:in `run!&apos;&#10;/usr/local/lib/ruby/gems/3.0.0/gems/fastlane-2.198.1/fastlane/lib/fastlane/commands_generator.rb:353:in `run&apos;&#10;/usr/local/lib/ruby/gems/3.0.0/gems/fastlane-2.198.1/fastlane/lib/fastlane/commands_generator.rb:42:in `start&apos;&#10;/usr/local/lib/ruby/gems/3.0.0/gems/fastlane-2.198.1/fastlane/lib/fastlane/cli_tools_distributor.rb:122:in `take_off&apos;&#10;/usr/local/lib/ruby/gems/3.0.0/gems/fastlane-2.198.1/bin/fastlane:23:in `&lt;top (required)&gt;&apos;&#10;/usr/local/lib/ruby/gems/3.0.0/bin/fastlane:23:in `load&apos;&#10;/usr/local/lib/ruby/gems/3.0.0/bin/fastlane:23:in `&lt;top (required)&gt;&apos;&#10;/usr/local/Cellar/ruby/3.0.2_1/lib/ruby/3.0.0/bundler/cli/exec.rb:63:in `load&apos;&#10;/usr/local/Cellar/ruby/3.0.2_1/lib/ruby/3.0.0/bundler/cli/exec.rb:63:in `kernel_load&apos;&#10;/usr/local/Cellar/ruby/3.0.2_1/lib/ruby/3.0.0/bundler/cli/exec.rb:28:in `run&apos;&#10;/usr/local/Cellar/ruby/3.0.2_1/lib/ruby/3.0.0/bundler/cli.rb:474:in `exec&apos;&#10;/usr/local/Cellar/ruby/3.0.2_1/lib/ruby/3.0.0/bundler/vendor/thor/lib/thor/command.rb:27:in `run&apos;&#10;/usr/local/Cellar/ruby/3.0.2_1/lib/ruby/3.0.0/bundler/vendor/thor/lib/thor/invocation.rb:127:in `invoke_command&apos;&#10;/usr/local/Cellar/ruby/3.0.2_1/lib/ruby/3.0.0/bundler/vendor/thor/lib/thor.rb:392:in `dispatch&apos;&#10;/usr/local/Cellar/ruby/3.0.2_1/lib/ruby/3.0.0/bundler/cli.rb:30:in `dispatch&apos;&#10;/usr/local/Cellar/ruby/3.0.2_1/lib/ruby/3.0.0/bundler/vendor/thor/lib/thor/base.rb:485:in `start&apos;&#10;/usr/local/Cellar/ruby/3.0.2_1/lib/ruby/3.0.0/bundler/cli.rb:24:in `start&apos;&#10;/usr/local/Cellar/ruby/3.0.2_1/lib/ruby/gems/3.0.0/gems/bundler-2.2.22/exe/bundle:49:in `block in &lt;top (required)&gt;&apos;&#10;/usr/local/Cellar/ruby/3.0.2_1/lib/ruby/3.0.0/bundler/friendly_errors.rb:128:in `with_friendly_errors&apos;&#10;/usr/local/Cellar/ruby/3.0.2_1/lib/ruby/gems/3.0.0/gems/bundler-2.2.22/exe/bundle:37:in `&lt;top (required)&gt;&apos;&#10;/usr/local/opt/ruby/bin/bundle:23:in `load&apos;&#10;/usr/local/opt/ruby/bin/bundle:23:in `&lt;main&gt;&apos;&#10;&#10;Exit status of command &apos;/Users/vinayakmenon/Media-Player-Omega-Android/gradlew lint aggregateDebugTestCoverage -p .&apos; was 1 instead of 0.&#10;&#10;&gt; Configure project :buildSrc&#10;This version of Gradle expects version &apos;2.1.4&apos; of the `kotlin-dsl` plugin but version &apos;2.1.7&apos; has been applied to project &apos;:buildSrc&apos;. Let Gradle control the version of `kotlin-dsl` by removing any explicit `kotlin-dsl` version constraints from your build logic.&#10;WARNING: Unsupported Kotlin plugin version.&#10;The `embedded-kotlin` and `kotlin-dsl` plugins rely on features of Kotlin `1.4.31` that might work differently than in the requested version `1.5.31`.&#10;&#10;&gt; Task :buildSrc:compileKotlin UP-TO-DATE&#10;&gt; Task :buildSrc:compileJava NO-SOURCE&#10;&gt; Task :buildSrc:compileGroovy NO-SOURCE&#10;&gt; Task :buildSrc:pluginDescriptors UP-TO-DATE&#10;&gt; Task :buildSrc:processResources NO-SOURCE&#10;&gt; Task :buildSrc:classes UP-TO-DATE&#10;&gt; Task :buildSrc:inspectClassesForKotlinIC UP-TO-DATE&#10;&gt; Task :buildSrc:jar UP-TO-DATE&#10;&gt; Task :buildSrc:assemble UP-TO-DATE&#10;&gt; Task :buildSrc:compileTestKotlin NO-SOURCE&#10;&gt; Task :buildSrc:pluginUnderTestMetadata UP-TO-DATE&#10;&gt; Task :buildSrc:compileTestJava NO-SOURCE&#10;&gt; Task :buildSrc:compileTestGroovy NO-SOURCE&#10;&gt; Task :buildSrc:processTestResources NO-SOURCE&#10;&gt; Task :buildSrc:testClasses UP-TO-DATE&#10;&gt; Task :buildSrc:test NO-SOURCE&#10;&gt; Task :buildSrc:validatePlugins UP-TO-DATE&#10;&gt; Task :buildSrc:check UP-TO-DATE&#10;&gt; Task :buildSrc:build UP-TO-DATE&#10;&#10;FAILURE: Build failed with an exception.&#10;&#10;* What went wrong:&#10;A problem occurred configuring project &apos;:api_pact&apos;.&#10;&gt; Could not resolve all artifacts for configuration &apos;:api_pact:classpath&apos;.&#10;   &gt; Could not resolve au.com.dius.pact:provider:4.2.14.&#10;     Required by:&#10;         project :api_pact &gt; au.com.dius.pact:au.com.dius.pact.gradle.plugin:4.2.14 &gt; gradle.plugin.au.com.dius.pact.provider:gradle:4.2.14&#10;      &gt; No matching variant of au.com.dius.pact:provider:4.2.14 was found. The consumer was configured to find a runtime of a library compatible with Java 8, packaged as a jar, and its dependencies declared externally, as well as attribute &apos;org.gradle.plugin.api-version&apos; with value &apos;7.0.2&apos; but:&#10;          - Variant &apos;apiElements&apos; capability au.com.dius.pact:provider:4.2.14 declares a library, packaged as a jar, and its dependencies declared externally:&#10;              - Incompatible because this component declares an API of a component compatible with Java 11 and the consumer needed a runtime of a component compatible with Java 8&#10;              - Other compatible attribute:&#10;                  - Doesn&apos;t say anything about org.gradle.plugin.api-version (required &apos;7.0.2&apos;)&#10;          - Variant &apos;runtimeElements&apos; capability au.com.dius.pact:provider:4.2.14 declares a runtime of a library, packaged as a jar, and its dependencies declared externally:&#10;              - Incompatible because this component declares a component compatible with Java 11 and the consumer needed a component compatible with Java 8&#10;              - Other compatible attribute:&#10;                  - Doesn&apos;t say anything about org.gradle.plugin.api-version (required &apos;7.0.2&apos;)&#10;&#10;* Try:&#10;Run with --stacktrace option to get the stack trace. Run with --info or --debug option to get more log output. Run with --scan to get full insights.&#10;&#10;* Get more help at https://help.gradle.org&#10;&#10;BUILD FAILED in 915ms&#10;" />
        
      </testcase>
    
  </testsuite>
</testsuites>
